<?xml version="1.0" encoding="UTF-8"?>
<!-- Generated by org.testng.reporters.JUnitReportReporter -->
<testsuite name="com.create.testng.XmlSuiteCreator" tests="1" time="2.540" ignored="0" failures="0" timestamp="28 Nov 2017 05:36:41 GMT" skipped="0" hostname="TYSS-MF-033" errors="0">
  <testcase name="test11" time="2.540" classname="com.create.testng.XmlSuiteCreator"/>
</testsuite> <!-- com.create.testng.XmlSuiteCreator -->
