<?xml version="1.0" encoding="UTF-8"?>
<!-- Generated by org.testng.reporters.JUnitReportReporter -->
<testsuite hostname="TYSS-MF-033" name="test.chet.TC05" tests="1" failures="0" timestamp="8 Dec 2017 06:08:15 GMT" time="0.001" errors="0">
  <testcase name="test2" time="0.001" classname="test.chet.TC05"/>
</testsuite> <!-- test.chet.TC05 -->
