<?xml version="1.0" encoding="UTF-8"?>
<!-- Generated by org.testng.reporters.JUnitReportReporter -->
<testsuite hostname="TYSS-MF-033" name="test.chet.TC06" tests="1" failures="0" timestamp="5 Dec 2017 09:21:01 GMT" time="0.000" errors="0">
  <testcase name="test2" time="0.000" classname="test.chet.TC06"/>
</testsuite> <!-- test.chet.TC06 -->
