<?xml version="1.0" encoding="UTF-8"?>
<!-- Generated by org.testng.reporters.JUnitReportReporter -->
<testsuite name="com.create.testng.GenerateXML" tests="1" time="0.252" ignored="0" failures="0" timestamp="21 Nov 2017 06:48:52 GMT" skipped="0" hostname="TYSS-MF-033" errors="0">
  <testcase name="test" time="0.252" classname="com.create.testng.GenerateXML"/>
</testsuite> <!-- com.create.testng.GenerateXML -->
