<?xml version="1.0" encoding="UTF-8"?>
<!-- Generated by org.testng.reporters.JUnitReportReporter -->
<testsuite name="com.create.testng.DynamiXML" tests="1" time="0.090" ignored="0" failures="0" timestamp="20 Nov 2017 10:38:14 GMT" skipped="0" hostname="TYSS-MF-033" errors="0">
  <testcase name="TCase" time="0.090" classname="com.create.testng.DynamiXML"/>
</testsuite> <!-- com.create.testng.DynamiXML -->
