<?xml version="1.0" encoding="UTF-8"?>
<!-- Generated by org.testng.reporters.JUnitReportReporter -->
<testsuite name="test.chet.TC02" tests="1" time="132.082" ignored="0" failures="0" timestamp="11 Dec 2017 10:49:21 GMT" skipped="0" hostname="TYSS-MF-033" errors="0">
  <testcase name="test2" time="132.082" classname="test.chet.TC02"/>
</testsuite> <!-- test.chet.TC02 -->
